ARM GAS  C:\Users\danie\AppData\Local\Temp\ccJyrYRj.s 			page 1


   1              		.cpu cortex-m4
   2              		.arch armv7e-m
   3              		.fpu fpv4-sp-d16
   4              		.eabi_attribute 27, 1
   5              		.eabi_attribute 28, 1
   6              		.eabi_attribute 20, 1
   7              		.eabi_attribute 21, 1
   8              		.eabi_attribute 23, 3
   9              		.eabi_attribute 24, 1
  10              		.eabi_attribute 25, 1
  11              		.eabi_attribute 26, 1
  12              		.eabi_attribute 30, 1
  13              		.eabi_attribute 34, 1
  14              		.eabi_attribute 18, 4
  15              		.file	"usart.c"
  16              		.text
  17              	.Ltext0:
  18              		.cfi_sections	.debug_frame
  19              		.section	.text.MX_USART2_UART_Init,"ax",%progbits
  20              		.align	1
  21              		.global	MX_USART2_UART_Init
  22              		.syntax unified
  23              		.thumb
  24              		.thumb_func
  26              	MX_USART2_UART_Init:
  27              	.LFB130:
  28              		.file 1 "Core/Src/usart.c"
   1:Core/Src/usart.c **** /* USER CODE BEGIN Header */
   2:Core/Src/usart.c **** /**
   3:Core/Src/usart.c ****   ******************************************************************************
   4:Core/Src/usart.c ****   * @file    usart.c
   5:Core/Src/usart.c ****   * @brief   This file provides code for the configuration
   6:Core/Src/usart.c ****   *          of the USART instances.
   7:Core/Src/usart.c ****   ******************************************************************************
   8:Core/Src/usart.c ****   * @attention
   9:Core/Src/usart.c ****   *
  10:Core/Src/usart.c ****   * Copyright (c) 2022 STMicroelectronics.
  11:Core/Src/usart.c ****   * All rights reserved.
  12:Core/Src/usart.c ****   *
  13:Core/Src/usart.c ****   * This software is licensed under terms that can be found in the LICENSE file
  14:Core/Src/usart.c ****   * in the root directory of this software component.
  15:Core/Src/usart.c ****   * If no LICENSE file comes with this software, it is provided AS-IS.
  16:Core/Src/usart.c ****   *
  17:Core/Src/usart.c ****   ******************************************************************************
  18:Core/Src/usart.c ****   */
  19:Core/Src/usart.c **** /* USER CODE END Header */
  20:Core/Src/usart.c **** /* Includes ------------------------------------------------------------------*/
  21:Core/Src/usart.c **** #include "usart.h"
  22:Core/Src/usart.c **** 
  23:Core/Src/usart.c **** /* USER CODE BEGIN 0 */
  24:Core/Src/usart.c **** 
  25:Core/Src/usart.c **** /* USER CODE END 0 */
  26:Core/Src/usart.c **** 
  27:Core/Src/usart.c **** UART_HandleTypeDef huart2;
  28:Core/Src/usart.c **** DMA_HandleTypeDef hdma_usart2_tx;
  29:Core/Src/usart.c **** 
  30:Core/Src/usart.c **** /* USART2 init function */
ARM GAS  C:\Users\danie\AppData\Local\Temp\ccJyrYRj.s 			page 2


  31:Core/Src/usart.c **** 
  32:Core/Src/usart.c **** void MX_USART2_UART_Init(void)
  33:Core/Src/usart.c **** {
  29              		.loc 1 33 1 view -0
  30              		.cfi_startproc
  31              		@ args = 0, pretend = 0, frame = 0
  32              		@ frame_needed = 0, uses_anonymous_args = 0
  33 0000 08B5     		push	{r3, lr}
  34              		.cfi_def_cfa_offset 8
  35              		.cfi_offset 3, -8
  36              		.cfi_offset 14, -4
  34:Core/Src/usart.c **** 
  35:Core/Src/usart.c ****   /* USER CODE BEGIN USART2_Init 0 */
  36:Core/Src/usart.c **** 
  37:Core/Src/usart.c ****   /* USER CODE END USART2_Init 0 */
  38:Core/Src/usart.c **** 
  39:Core/Src/usart.c ****   /* USER CODE BEGIN USART2_Init 1 */
  40:Core/Src/usart.c **** 
  41:Core/Src/usart.c ****   /* USER CODE END USART2_Init 1 */
  42:Core/Src/usart.c ****   huart2.Instance = USART2;
  37              		.loc 1 42 3 view .LVU1
  38              		.loc 1 42 19 is_stmt 0 view .LVU2
  39 0002 0A48     		ldr	r0, .L5
  40 0004 0A4B     		ldr	r3, .L5+4
  41 0006 0360     		str	r3, [r0]
  43:Core/Src/usart.c ****   huart2.Init.BaudRate = 115200;
  42              		.loc 1 43 3 is_stmt 1 view .LVU3
  43              		.loc 1 43 24 is_stmt 0 view .LVU4
  44 0008 4FF4E133 		mov	r3, #115200
  45 000c 4360     		str	r3, [r0, #4]
  44:Core/Src/usart.c ****   huart2.Init.WordLength = UART_WORDLENGTH_8B;
  46              		.loc 1 44 3 is_stmt 1 view .LVU5
  47              		.loc 1 44 26 is_stmt 0 view .LVU6
  48 000e 0023     		movs	r3, #0
  49 0010 8360     		str	r3, [r0, #8]
  45:Core/Src/usart.c ****   huart2.Init.StopBits = UART_STOPBITS_1;
  50              		.loc 1 45 3 is_stmt 1 view .LVU7
  51              		.loc 1 45 24 is_stmt 0 view .LVU8
  52 0012 C360     		str	r3, [r0, #12]
  46:Core/Src/usart.c ****   huart2.Init.Parity = UART_PARITY_NONE;
  53              		.loc 1 46 3 is_stmt 1 view .LVU9
  54              		.loc 1 46 22 is_stmt 0 view .LVU10
  55 0014 0361     		str	r3, [r0, #16]
  47:Core/Src/usart.c ****   huart2.Init.Mode = UART_MODE_TX_RX;
  56              		.loc 1 47 3 is_stmt 1 view .LVU11
  57              		.loc 1 47 20 is_stmt 0 view .LVU12
  58 0016 0C22     		movs	r2, #12
  59 0018 4261     		str	r2, [r0, #20]
  48:Core/Src/usart.c ****   huart2.Init.HwFlowCtl = UART_HWCONTROL_NONE;
  60              		.loc 1 48 3 is_stmt 1 view .LVU13
  61              		.loc 1 48 25 is_stmt 0 view .LVU14
  62 001a 8361     		str	r3, [r0, #24]
  49:Core/Src/usart.c ****   huart2.Init.OverSampling = UART_OVERSAMPLING_16;
  63              		.loc 1 49 3 is_stmt 1 view .LVU15
  64              		.loc 1 49 28 is_stmt 0 view .LVU16
  65 001c C361     		str	r3, [r0, #28]
  50:Core/Src/usart.c ****   if (HAL_UART_Init(&huart2) != HAL_OK)
ARM GAS  C:\Users\danie\AppData\Local\Temp\ccJyrYRj.s 			page 3


  66              		.loc 1 50 3 is_stmt 1 view .LVU17
  67              		.loc 1 50 7 is_stmt 0 view .LVU18
  68 001e FFF7FEFF 		bl	HAL_UART_Init
  69              	.LVL0:
  70              		.loc 1 50 6 view .LVU19
  71 0022 00B9     		cbnz	r0, .L4
  72              	.L1:
  51:Core/Src/usart.c ****   {
  52:Core/Src/usart.c ****     Error_Handler();
  53:Core/Src/usart.c ****   }
  54:Core/Src/usart.c ****   /* USER CODE BEGIN USART2_Init 2 */
  55:Core/Src/usart.c **** 
  56:Core/Src/usart.c ****   /* USER CODE END USART2_Init 2 */
  57:Core/Src/usart.c **** 
  58:Core/Src/usart.c **** }
  73              		.loc 1 58 1 view .LVU20
  74 0024 08BD     		pop	{r3, pc}
  75              	.L4:
  52:Core/Src/usart.c ****   }
  76              		.loc 1 52 5 is_stmt 1 view .LVU21
  77 0026 FFF7FEFF 		bl	Error_Handler
  78              	.LVL1:
  79              		.loc 1 58 1 is_stmt 0 view .LVU22
  80 002a FBE7     		b	.L1
  81              	.L6:
  82              		.align	2
  83              	.L5:
  84 002c 00000000 		.word	.LANCHOR0
  85 0030 00440040 		.word	1073759232
  86              		.cfi_endproc
  87              	.LFE130:
  89              		.section	.text.HAL_UART_MspInit,"ax",%progbits
  90              		.align	1
  91              		.global	HAL_UART_MspInit
  92              		.syntax unified
  93              		.thumb
  94              		.thumb_func
  96              	HAL_UART_MspInit:
  97              	.LVL2:
  98              	.LFB131:
  59:Core/Src/usart.c **** 
  60:Core/Src/usart.c **** void HAL_UART_MspInit(UART_HandleTypeDef* uartHandle)
  61:Core/Src/usart.c **** {
  99              		.loc 1 61 1 is_stmt 1 view -0
 100              		.cfi_startproc
 101              		@ args = 0, pretend = 0, frame = 32
 102              		@ frame_needed = 0, uses_anonymous_args = 0
 103              		.loc 1 61 1 is_stmt 0 view .LVU24
 104 0000 30B5     		push	{r4, r5, lr}
 105              		.cfi_def_cfa_offset 12
 106              		.cfi_offset 4, -12
 107              		.cfi_offset 5, -8
 108              		.cfi_offset 14, -4
 109 0002 89B0     		sub	sp, sp, #36
 110              		.cfi_def_cfa_offset 48
  62:Core/Src/usart.c **** 
  63:Core/Src/usart.c ****   GPIO_InitTypeDef GPIO_InitStruct = {0};
ARM GAS  C:\Users\danie\AppData\Local\Temp\ccJyrYRj.s 			page 4


 111              		.loc 1 63 3 is_stmt 1 view .LVU25
 112              		.loc 1 63 20 is_stmt 0 view .LVU26
 113 0004 0023     		movs	r3, #0
 114 0006 0393     		str	r3, [sp, #12]
 115 0008 0493     		str	r3, [sp, #16]
 116 000a 0593     		str	r3, [sp, #20]
 117 000c 0693     		str	r3, [sp, #24]
 118 000e 0793     		str	r3, [sp, #28]
  64:Core/Src/usart.c ****   if(uartHandle->Instance==USART2)
 119              		.loc 1 64 3 is_stmt 1 view .LVU27
 120              		.loc 1 64 16 is_stmt 0 view .LVU28
 121 0010 0268     		ldr	r2, [r0]
 122              		.loc 1 64 5 view .LVU29
 123 0012 264B     		ldr	r3, .L13
 124 0014 9A42     		cmp	r2, r3
 125 0016 01D0     		beq	.L11
 126              	.LVL3:
 127              	.L7:
  65:Core/Src/usart.c ****   {
  66:Core/Src/usart.c ****   /* USER CODE BEGIN USART2_MspInit 0 */
  67:Core/Src/usart.c **** 
  68:Core/Src/usart.c ****   /* USER CODE END USART2_MspInit 0 */
  69:Core/Src/usart.c ****     /* USART2 clock enable */
  70:Core/Src/usart.c ****     __HAL_RCC_USART2_CLK_ENABLE();
  71:Core/Src/usart.c **** 
  72:Core/Src/usart.c ****     __HAL_RCC_GPIOA_CLK_ENABLE();
  73:Core/Src/usart.c ****     /**USART2 GPIO Configuration
  74:Core/Src/usart.c ****     PA2     ------> USART2_TX
  75:Core/Src/usart.c ****     PA3     ------> USART2_RX
  76:Core/Src/usart.c ****     */
  77:Core/Src/usart.c ****     GPIO_InitStruct.Pin = USART_TX_Pin|USART_RX_Pin;
  78:Core/Src/usart.c ****     GPIO_InitStruct.Mode = GPIO_MODE_AF_PP;
  79:Core/Src/usart.c ****     GPIO_InitStruct.Pull = GPIO_NOPULL;
  80:Core/Src/usart.c ****     GPIO_InitStruct.Speed = GPIO_SPEED_FREQ_VERY_HIGH;
  81:Core/Src/usart.c ****     GPIO_InitStruct.Alternate = GPIO_AF7_USART2;
  82:Core/Src/usart.c ****     HAL_GPIO_Init(GPIOA, &GPIO_InitStruct);
  83:Core/Src/usart.c **** 
  84:Core/Src/usart.c ****     /* USART2 DMA Init */
  85:Core/Src/usart.c ****     /* USART2_TX Init */
  86:Core/Src/usart.c ****     hdma_usart2_tx.Instance = DMA1_Stream6;
  87:Core/Src/usart.c ****     hdma_usart2_tx.Init.Channel = DMA_CHANNEL_4;
  88:Core/Src/usart.c ****     hdma_usart2_tx.Init.Direction = DMA_MEMORY_TO_PERIPH;
  89:Core/Src/usart.c ****     hdma_usart2_tx.Init.PeriphInc = DMA_PINC_DISABLE;
  90:Core/Src/usart.c ****     hdma_usart2_tx.Init.MemInc = DMA_MINC_ENABLE;
  91:Core/Src/usart.c ****     hdma_usart2_tx.Init.PeriphDataAlignment = DMA_PDATAALIGN_BYTE;
  92:Core/Src/usart.c ****     hdma_usart2_tx.Init.MemDataAlignment = DMA_MDATAALIGN_BYTE;
  93:Core/Src/usart.c ****     hdma_usart2_tx.Init.Mode = DMA_NORMAL;
  94:Core/Src/usart.c ****     hdma_usart2_tx.Init.Priority = DMA_PRIORITY_LOW;
  95:Core/Src/usart.c ****     hdma_usart2_tx.Init.FIFOMode = DMA_FIFOMODE_DISABLE;
  96:Core/Src/usart.c ****     if (HAL_DMA_Init(&hdma_usart2_tx) != HAL_OK)
  97:Core/Src/usart.c ****     {
  98:Core/Src/usart.c ****       Error_Handler();
  99:Core/Src/usart.c ****     }
 100:Core/Src/usart.c **** 
 101:Core/Src/usart.c ****     __HAL_LINKDMA(uartHandle,hdmatx,hdma_usart2_tx);
 102:Core/Src/usart.c **** 
 103:Core/Src/usart.c ****     /* USART2 interrupt Init */
ARM GAS  C:\Users\danie\AppData\Local\Temp\ccJyrYRj.s 			page 5


 104:Core/Src/usart.c ****     HAL_NVIC_SetPriority(USART2_IRQn, 0, 0);
 105:Core/Src/usart.c ****     HAL_NVIC_EnableIRQ(USART2_IRQn);
 106:Core/Src/usart.c ****   /* USER CODE BEGIN USART2_MspInit 1 */
 107:Core/Src/usart.c **** 
 108:Core/Src/usart.c ****   /* USER CODE END USART2_MspInit 1 */
 109:Core/Src/usart.c ****   }
 110:Core/Src/usart.c **** }
 128              		.loc 1 110 1 view .LVU30
 129 0018 09B0     		add	sp, sp, #36
 130              		.cfi_remember_state
 131              		.cfi_def_cfa_offset 12
 132              		@ sp needed
 133 001a 30BD     		pop	{r4, r5, pc}
 134              	.LVL4:
 135              	.L11:
 136              		.cfi_restore_state
 137              		.loc 1 110 1 view .LVU31
 138 001c 0446     		mov	r4, r0
  70:Core/Src/usart.c **** 
 139              		.loc 1 70 5 is_stmt 1 view .LVU32
 140              	.LBB2:
  70:Core/Src/usart.c **** 
 141              		.loc 1 70 5 view .LVU33
 142 001e 0025     		movs	r5, #0
 143 0020 0195     		str	r5, [sp, #4]
  70:Core/Src/usart.c **** 
 144              		.loc 1 70 5 view .LVU34
 145 0022 03F5FA33 		add	r3, r3, #128000
 146 0026 1A6C     		ldr	r2, [r3, #64]
 147 0028 42F40032 		orr	r2, r2, #131072
 148 002c 1A64     		str	r2, [r3, #64]
  70:Core/Src/usart.c **** 
 149              		.loc 1 70 5 view .LVU35
 150 002e 1A6C     		ldr	r2, [r3, #64]
 151 0030 02F40032 		and	r2, r2, #131072
 152 0034 0192     		str	r2, [sp, #4]
  70:Core/Src/usart.c **** 
 153              		.loc 1 70 5 view .LVU36
 154 0036 019A     		ldr	r2, [sp, #4]
 155              	.LBE2:
  70:Core/Src/usart.c **** 
 156              		.loc 1 70 5 view .LVU37
  72:Core/Src/usart.c ****     /**USART2 GPIO Configuration
 157              		.loc 1 72 5 view .LVU38
 158              	.LBB3:
  72:Core/Src/usart.c ****     /**USART2 GPIO Configuration
 159              		.loc 1 72 5 view .LVU39
 160 0038 0295     		str	r5, [sp, #8]
  72:Core/Src/usart.c ****     /**USART2 GPIO Configuration
 161              		.loc 1 72 5 view .LVU40
 162 003a 1A6B     		ldr	r2, [r3, #48]
 163 003c 42F00102 		orr	r2, r2, #1
 164 0040 1A63     		str	r2, [r3, #48]
  72:Core/Src/usart.c ****     /**USART2 GPIO Configuration
 165              		.loc 1 72 5 view .LVU41
 166 0042 1B6B     		ldr	r3, [r3, #48]
 167 0044 03F00103 		and	r3, r3, #1
ARM GAS  C:\Users\danie\AppData\Local\Temp\ccJyrYRj.s 			page 6


 168 0048 0293     		str	r3, [sp, #8]
  72:Core/Src/usart.c ****     /**USART2 GPIO Configuration
 169              		.loc 1 72 5 view .LVU42
 170 004a 029B     		ldr	r3, [sp, #8]
 171              	.LBE3:
  72:Core/Src/usart.c ****     /**USART2 GPIO Configuration
 172              		.loc 1 72 5 view .LVU43
  77:Core/Src/usart.c ****     GPIO_InitStruct.Mode = GPIO_MODE_AF_PP;
 173              		.loc 1 77 5 view .LVU44
  77:Core/Src/usart.c ****     GPIO_InitStruct.Mode = GPIO_MODE_AF_PP;
 174              		.loc 1 77 25 is_stmt 0 view .LVU45
 175 004c 0C23     		movs	r3, #12
 176 004e 0393     		str	r3, [sp, #12]
  78:Core/Src/usart.c ****     GPIO_InitStruct.Pull = GPIO_NOPULL;
 177              		.loc 1 78 5 is_stmt 1 view .LVU46
  78:Core/Src/usart.c ****     GPIO_InitStruct.Pull = GPIO_NOPULL;
 178              		.loc 1 78 26 is_stmt 0 view .LVU47
 179 0050 0223     		movs	r3, #2
 180 0052 0493     		str	r3, [sp, #16]
  79:Core/Src/usart.c ****     GPIO_InitStruct.Speed = GPIO_SPEED_FREQ_VERY_HIGH;
 181              		.loc 1 79 5 is_stmt 1 view .LVU48
  80:Core/Src/usart.c ****     GPIO_InitStruct.Alternate = GPIO_AF7_USART2;
 182              		.loc 1 80 5 view .LVU49
  80:Core/Src/usart.c ****     GPIO_InitStruct.Alternate = GPIO_AF7_USART2;
 183              		.loc 1 80 27 is_stmt 0 view .LVU50
 184 0054 0323     		movs	r3, #3
 185 0056 0693     		str	r3, [sp, #24]
  81:Core/Src/usart.c ****     HAL_GPIO_Init(GPIOA, &GPIO_InitStruct);
 186              		.loc 1 81 5 is_stmt 1 view .LVU51
  81:Core/Src/usart.c ****     HAL_GPIO_Init(GPIOA, &GPIO_InitStruct);
 187              		.loc 1 81 31 is_stmt 0 view .LVU52
 188 0058 0723     		movs	r3, #7
 189 005a 0793     		str	r3, [sp, #28]
  82:Core/Src/usart.c **** 
 190              		.loc 1 82 5 is_stmt 1 view .LVU53
 191 005c 03A9     		add	r1, sp, #12
 192 005e 1448     		ldr	r0, .L13+4
 193              	.LVL5:
  82:Core/Src/usart.c **** 
 194              		.loc 1 82 5 is_stmt 0 view .LVU54
 195 0060 FFF7FEFF 		bl	HAL_GPIO_Init
 196              	.LVL6:
  86:Core/Src/usart.c ****     hdma_usart2_tx.Init.Channel = DMA_CHANNEL_4;
 197              		.loc 1 86 5 is_stmt 1 view .LVU55
  86:Core/Src/usart.c ****     hdma_usart2_tx.Init.Channel = DMA_CHANNEL_4;
 198              		.loc 1 86 29 is_stmt 0 view .LVU56
 199 0064 1348     		ldr	r0, .L13+8
 200 0066 144B     		ldr	r3, .L13+12
 201 0068 0360     		str	r3, [r0]
  87:Core/Src/usart.c ****     hdma_usart2_tx.Init.Direction = DMA_MEMORY_TO_PERIPH;
 202              		.loc 1 87 5 is_stmt 1 view .LVU57
  87:Core/Src/usart.c ****     hdma_usart2_tx.Init.Direction = DMA_MEMORY_TO_PERIPH;
 203              		.loc 1 87 33 is_stmt 0 view .LVU58
 204 006a 4FF00063 		mov	r3, #134217728
 205 006e 4360     		str	r3, [r0, #4]
  88:Core/Src/usart.c ****     hdma_usart2_tx.Init.PeriphInc = DMA_PINC_DISABLE;
 206              		.loc 1 88 5 is_stmt 1 view .LVU59
ARM GAS  C:\Users\danie\AppData\Local\Temp\ccJyrYRj.s 			page 7


  88:Core/Src/usart.c ****     hdma_usart2_tx.Init.PeriphInc = DMA_PINC_DISABLE;
 207              		.loc 1 88 35 is_stmt 0 view .LVU60
 208 0070 4023     		movs	r3, #64
 209 0072 8360     		str	r3, [r0, #8]
  89:Core/Src/usart.c ****     hdma_usart2_tx.Init.MemInc = DMA_MINC_ENABLE;
 210              		.loc 1 89 5 is_stmt 1 view .LVU61
  89:Core/Src/usart.c ****     hdma_usart2_tx.Init.MemInc = DMA_MINC_ENABLE;
 211              		.loc 1 89 35 is_stmt 0 view .LVU62
 212 0074 C560     		str	r5, [r0, #12]
  90:Core/Src/usart.c ****     hdma_usart2_tx.Init.PeriphDataAlignment = DMA_PDATAALIGN_BYTE;
 213              		.loc 1 90 5 is_stmt 1 view .LVU63
  90:Core/Src/usart.c ****     hdma_usart2_tx.Init.PeriphDataAlignment = DMA_PDATAALIGN_BYTE;
 214              		.loc 1 90 32 is_stmt 0 view .LVU64
 215 0076 4FF48063 		mov	r3, #1024
 216 007a 0361     		str	r3, [r0, #16]
  91:Core/Src/usart.c ****     hdma_usart2_tx.Init.MemDataAlignment = DMA_MDATAALIGN_BYTE;
 217              		.loc 1 91 5 is_stmt 1 view .LVU65
  91:Core/Src/usart.c ****     hdma_usart2_tx.Init.MemDataAlignment = DMA_MDATAALIGN_BYTE;
 218              		.loc 1 91 45 is_stmt 0 view .LVU66
 219 007c 4561     		str	r5, [r0, #20]
  92:Core/Src/usart.c ****     hdma_usart2_tx.Init.Mode = DMA_NORMAL;
 220              		.loc 1 92 5 is_stmt 1 view .LVU67
  92:Core/Src/usart.c ****     hdma_usart2_tx.Init.Mode = DMA_NORMAL;
 221              		.loc 1 92 42 is_stmt 0 view .LVU68
 222 007e 8561     		str	r5, [r0, #24]
  93:Core/Src/usart.c ****     hdma_usart2_tx.Init.Priority = DMA_PRIORITY_LOW;
 223              		.loc 1 93 5 is_stmt 1 view .LVU69
  93:Core/Src/usart.c ****     hdma_usart2_tx.Init.Priority = DMA_PRIORITY_LOW;
 224              		.loc 1 93 30 is_stmt 0 view .LVU70
 225 0080 C561     		str	r5, [r0, #28]
  94:Core/Src/usart.c ****     hdma_usart2_tx.Init.FIFOMode = DMA_FIFOMODE_DISABLE;
 226              		.loc 1 94 5 is_stmt 1 view .LVU71
  94:Core/Src/usart.c ****     hdma_usart2_tx.Init.FIFOMode = DMA_FIFOMODE_DISABLE;
 227              		.loc 1 94 34 is_stmt 0 view .LVU72
 228 0082 0562     		str	r5, [r0, #32]
  95:Core/Src/usart.c ****     if (HAL_DMA_Init(&hdma_usart2_tx) != HAL_OK)
 229              		.loc 1 95 5 is_stmt 1 view .LVU73
  95:Core/Src/usart.c ****     if (HAL_DMA_Init(&hdma_usart2_tx) != HAL_OK)
 230              		.loc 1 95 34 is_stmt 0 view .LVU74
 231 0084 4562     		str	r5, [r0, #36]
  96:Core/Src/usart.c ****     {
 232              		.loc 1 96 5 is_stmt 1 view .LVU75
  96:Core/Src/usart.c ****     {
 233              		.loc 1 96 9 is_stmt 0 view .LVU76
 234 0086 FFF7FEFF 		bl	HAL_DMA_Init
 235              	.LVL7:
  96:Core/Src/usart.c ****     {
 236              		.loc 1 96 8 view .LVU77
 237 008a 58B9     		cbnz	r0, .L12
 238              	.L9:
 101:Core/Src/usart.c **** 
 239              		.loc 1 101 5 is_stmt 1 view .LVU78
 101:Core/Src/usart.c **** 
 240              		.loc 1 101 5 view .LVU79
 241 008c 094B     		ldr	r3, .L13+8
 242 008e 6363     		str	r3, [r4, #52]
 101:Core/Src/usart.c **** 
ARM GAS  C:\Users\danie\AppData\Local\Temp\ccJyrYRj.s 			page 8


 243              		.loc 1 101 5 view .LVU80
 244 0090 9C63     		str	r4, [r3, #56]
 101:Core/Src/usart.c **** 
 245              		.loc 1 101 5 view .LVU81
 104:Core/Src/usart.c ****     HAL_NVIC_EnableIRQ(USART2_IRQn);
 246              		.loc 1 104 5 view .LVU82
 247 0092 0022     		movs	r2, #0
 248 0094 1146     		mov	r1, r2
 249 0096 2620     		movs	r0, #38
 250 0098 FFF7FEFF 		bl	HAL_NVIC_SetPriority
 251              	.LVL8:
 105:Core/Src/usart.c ****   /* USER CODE BEGIN USART2_MspInit 1 */
 252              		.loc 1 105 5 view .LVU83
 253 009c 2620     		movs	r0, #38
 254 009e FFF7FEFF 		bl	HAL_NVIC_EnableIRQ
 255              	.LVL9:
 256              		.loc 1 110 1 is_stmt 0 view .LVU84
 257 00a2 B9E7     		b	.L7
 258              	.L12:
  98:Core/Src/usart.c ****     }
 259              		.loc 1 98 7 is_stmt 1 view .LVU85
 260 00a4 FFF7FEFF 		bl	Error_Handler
 261              	.LVL10:
 262 00a8 F0E7     		b	.L9
 263              	.L14:
 264 00aa 00BF     		.align	2
 265              	.L13:
 266 00ac 00440040 		.word	1073759232
 267 00b0 00000240 		.word	1073872896
 268 00b4 00000000 		.word	.LANCHOR1
 269 00b8 A0600240 		.word	1073897632
 270              		.cfi_endproc
 271              	.LFE131:
 273              		.section	.text.HAL_UART_MspDeInit,"ax",%progbits
 274              		.align	1
 275              		.global	HAL_UART_MspDeInit
 276              		.syntax unified
 277              		.thumb
 278              		.thumb_func
 280              	HAL_UART_MspDeInit:
 281              	.LVL11:
 282              	.LFB132:
 111:Core/Src/usart.c **** 
 112:Core/Src/usart.c **** void HAL_UART_MspDeInit(UART_HandleTypeDef* uartHandle)
 113:Core/Src/usart.c **** {
 283              		.loc 1 113 1 view -0
 284              		.cfi_startproc
 285              		@ args = 0, pretend = 0, frame = 0
 286              		@ frame_needed = 0, uses_anonymous_args = 0
 114:Core/Src/usart.c **** 
 115:Core/Src/usart.c ****   if(uartHandle->Instance==USART2)
 287              		.loc 1 115 3 view .LVU87
 288              		.loc 1 115 16 is_stmt 0 view .LVU88
 289 0000 0268     		ldr	r2, [r0]
 290              		.loc 1 115 5 view .LVU89
 291 0002 0B4B     		ldr	r3, .L22
 292 0004 9A42     		cmp	r2, r3
ARM GAS  C:\Users\danie\AppData\Local\Temp\ccJyrYRj.s 			page 9


 293 0006 00D0     		beq	.L21
 294 0008 7047     		bx	lr
 295              	.L21:
 113:Core/Src/usart.c **** 
 296              		.loc 1 113 1 view .LVU90
 297 000a 10B5     		push	{r4, lr}
 298              		.cfi_def_cfa_offset 8
 299              		.cfi_offset 4, -8
 300              		.cfi_offset 14, -4
 301 000c 0446     		mov	r4, r0
 116:Core/Src/usart.c ****   {
 117:Core/Src/usart.c ****   /* USER CODE BEGIN USART2_MspDeInit 0 */
 118:Core/Src/usart.c **** 
 119:Core/Src/usart.c ****   /* USER CODE END USART2_MspDeInit 0 */
 120:Core/Src/usart.c ****     /* Peripheral clock disable */
 121:Core/Src/usart.c ****     __HAL_RCC_USART2_CLK_DISABLE();
 302              		.loc 1 121 5 is_stmt 1 view .LVU91
 303 000e 094A     		ldr	r2, .L22+4
 304 0010 136C     		ldr	r3, [r2, #64]
 305 0012 23F40033 		bic	r3, r3, #131072
 306 0016 1364     		str	r3, [r2, #64]
 122:Core/Src/usart.c **** 
 123:Core/Src/usart.c ****     /**USART2 GPIO Configuration
 124:Core/Src/usart.c ****     PA2     ------> USART2_TX
 125:Core/Src/usart.c ****     PA3     ------> USART2_RX
 126:Core/Src/usart.c ****     */
 127:Core/Src/usart.c ****     HAL_GPIO_DeInit(GPIOA, USART_TX_Pin|USART_RX_Pin);
 307              		.loc 1 127 5 view .LVU92
 308 0018 0C21     		movs	r1, #12
 309 001a 0748     		ldr	r0, .L22+8
 310              	.LVL12:
 311              		.loc 1 127 5 is_stmt 0 view .LVU93
 312 001c FFF7FEFF 		bl	HAL_GPIO_DeInit
 313              	.LVL13:
 128:Core/Src/usart.c **** 
 129:Core/Src/usart.c ****     /* USART2 DMA DeInit */
 130:Core/Src/usart.c ****     HAL_DMA_DeInit(uartHandle->hdmatx);
 314              		.loc 1 130 5 is_stmt 1 view .LVU94
 315 0020 606B     		ldr	r0, [r4, #52]
 316 0022 FFF7FEFF 		bl	HAL_DMA_DeInit
 317              	.LVL14:
 131:Core/Src/usart.c **** 
 132:Core/Src/usart.c ****     /* USART2 interrupt Deinit */
 133:Core/Src/usart.c ****     HAL_NVIC_DisableIRQ(USART2_IRQn);
 318              		.loc 1 133 5 view .LVU95
 319 0026 2620     		movs	r0, #38
 320 0028 FFF7FEFF 		bl	HAL_NVIC_DisableIRQ
 321              	.LVL15:
 134:Core/Src/usart.c ****   /* USER CODE BEGIN USART2_MspDeInit 1 */
 135:Core/Src/usart.c **** 
 136:Core/Src/usart.c ****   /* USER CODE END USART2_MspDeInit 1 */
 137:Core/Src/usart.c ****   }
 138:Core/Src/usart.c **** }
 322              		.loc 1 138 1 is_stmt 0 view .LVU96
 323 002c 10BD     		pop	{r4, pc}
 324              	.LVL16:
 325              	.L23:
ARM GAS  C:\Users\danie\AppData\Local\Temp\ccJyrYRj.s 			page 10


 326              		.loc 1 138 1 view .LVU97
 327 002e 00BF     		.align	2
 328              	.L22:
 329 0030 00440040 		.word	1073759232
 330 0034 00380240 		.word	1073887232
 331 0038 00000240 		.word	1073872896
 332              		.cfi_endproc
 333              	.LFE132:
 335              		.global	hdma_usart2_tx
 336              		.global	huart2
 337              		.section	.bss.hdma_usart2_tx,"aw",%nobits
 338              		.align	2
 339              		.set	.LANCHOR1,. + 0
 342              	hdma_usart2_tx:
 343 0000 00000000 		.space	96
 343      00000000 
 343      00000000 
 343      00000000 
 343      00000000 
 344              		.section	.bss.huart2,"aw",%nobits
 345              		.align	2
 346              		.set	.LANCHOR0,. + 0
 349              	huart2:
 350 0000 00000000 		.space	68
 350      00000000 
 350      00000000 
 350      00000000 
 350      00000000 
 351              		.text
 352              	.Letext0:
 353              		.file 2 "Drivers/CMSIS/Device/ST/STM32F4xx/Include/stm32f411xe.h"
 354              		.file 3 "c:\\users\\danie\\appdata\\roaming\\code\\user\\globalstorage\\bmd.stm32-for-vscode\\@xpa
 355              		.file 4 "c:\\users\\danie\\appdata\\roaming\\code\\user\\globalstorage\\bmd.stm32-for-vscode\\@xpa
 356              		.file 5 "Drivers/STM32F4xx_HAL_Driver/Inc/stm32f4xx_hal_def.h"
 357              		.file 6 "Drivers/STM32F4xx_HAL_Driver/Inc/stm32f4xx_hal_gpio.h"
 358              		.file 7 "Drivers/STM32F4xx_HAL_Driver/Inc/stm32f4xx_hal_dma.h"
 359              		.file 8 "Drivers/STM32F4xx_HAL_Driver/Inc/stm32f4xx_hal_uart.h"
 360              		.file 9 "Core/Inc/usart.h"
 361              		.file 10 "Drivers/STM32F4xx_HAL_Driver/Inc/stm32f4xx_hal_cortex.h"
 362              		.file 11 "Core/Inc/main.h"
ARM GAS  C:\Users\danie\AppData\Local\Temp\ccJyrYRj.s 			page 11


DEFINED SYMBOLS
                            *ABS*:0000000000000000 usart.c
C:\Users\danie\AppData\Local\Temp\ccJyrYRj.s:20     .text.MX_USART2_UART_Init:0000000000000000 $t
C:\Users\danie\AppData\Local\Temp\ccJyrYRj.s:26     .text.MX_USART2_UART_Init:0000000000000000 MX_USART2_UART_Init
C:\Users\danie\AppData\Local\Temp\ccJyrYRj.s:84     .text.MX_USART2_UART_Init:000000000000002c $d
C:\Users\danie\AppData\Local\Temp\ccJyrYRj.s:90     .text.HAL_UART_MspInit:0000000000000000 $t
C:\Users\danie\AppData\Local\Temp\ccJyrYRj.s:96     .text.HAL_UART_MspInit:0000000000000000 HAL_UART_MspInit
C:\Users\danie\AppData\Local\Temp\ccJyrYRj.s:266    .text.HAL_UART_MspInit:00000000000000ac $d
C:\Users\danie\AppData\Local\Temp\ccJyrYRj.s:274    .text.HAL_UART_MspDeInit:0000000000000000 $t
C:\Users\danie\AppData\Local\Temp\ccJyrYRj.s:280    .text.HAL_UART_MspDeInit:0000000000000000 HAL_UART_MspDeInit
C:\Users\danie\AppData\Local\Temp\ccJyrYRj.s:329    .text.HAL_UART_MspDeInit:0000000000000030 $d
C:\Users\danie\AppData\Local\Temp\ccJyrYRj.s:342    .bss.hdma_usart2_tx:0000000000000000 hdma_usart2_tx
C:\Users\danie\AppData\Local\Temp\ccJyrYRj.s:349    .bss.huart2:0000000000000000 huart2
C:\Users\danie\AppData\Local\Temp\ccJyrYRj.s:338    .bss.hdma_usart2_tx:0000000000000000 $d
C:\Users\danie\AppData\Local\Temp\ccJyrYRj.s:345    .bss.huart2:0000000000000000 $d

UNDEFINED SYMBOLS
HAL_UART_Init
Error_Handler
HAL_GPIO_Init
HAL_DMA_Init
HAL_NVIC_SetPriority
HAL_NVIC_EnableIRQ
HAL_GPIO_DeInit
HAL_DMA_DeInit
HAL_NVIC_DisableIRQ
